C:\VISUALSTUDIO2010PROGS_VCPP\TRACKER10\DEBUG\TRACKER10.EXE
C:\VISUALSTUDIO2010PROGS_VCPP\TRACKER10\DEBUG\TRACKER10.ILK
C:\VISUALSTUDIO2010PROGS_VCPP\TRACKER10\DEBUG\TRACKER10.PDB
C:\VisualStudio2010Progs_VCPP\Tracker10\Tracker10\Debug\cl.command.1.tlog
C:\VisualStudio2010Progs_VCPP\Tracker10\Tracker10\Debug\CL.read.1.tlog
C:\VisualStudio2010Progs_VCPP\Tracker10\Tracker10\Debug\CL.write.1.tlog
C:\VisualStudio2010Progs_VCPP\Tracker10\Tracker10\Debug\link.6048.read.1.tlog
C:\VisualStudio2010Progs_VCPP\Tracker10\Tracker10\Debug\link.6048.write.1.tlog
C:\VisualStudio2010Progs_VCPP\Tracker10\Tracker10\Debug\link.6048-cvtres.read.1.tlog
C:\VisualStudio2010Progs_VCPP\Tracker10\Tracker10\Debug\link.6048-cvtres.write.1.tlog
C:\VisualStudio2010Progs_VCPP\Tracker10\Tracker10\Debug\link.command.1.tlog
C:\VisualStudio2010Progs_VCPP\Tracker10\Tracker10\Debug\link.read.1.tlog
C:\VisualStudio2010Progs_VCPP\Tracker10\Tracker10\Debug\link.write.1.tlog
C:\VisualStudio2010Progs_VCPP\Tracker10\Tracker10\Debug\link-cvtres.read.1.tlog
C:\VisualStudio2010Progs_VCPP\Tracker10\Tracker10\Debug\link-cvtres.write.1.tlog
C:\VisualStudio2010Progs_VCPP\Tracker10\Tracker10\Debug\mt.command.1.tlog
C:\VisualStudio2010Progs_VCPP\Tracker10\Tracker10\Debug\mt.read.1.tlog
C:\VisualStudio2010Progs_VCPP\Tracker10\Tracker10\Debug\mt.write.1.tlog
C:\VisualStudio2010Progs_VCPP\Tracker10\Tracker10\Debug\rc.command.1.tlog
C:\VisualStudio2010Progs_VCPP\Tracker10\Tracker10\Debug\rc.read.1.tlog
C:\VisualStudio2010Progs_VCPP\Tracker10\Tracker10\Debug\rc.write.1.tlog
C:\VISUALSTUDIO2010PROGS_VCPP\TRACKER10\TRACKER10\DEBUG\TRACKER10.EXE.EMBED.MANIFEST
C:\VISUALSTUDIO2010PROGS_VCPP\TRACKER10\TRACKER10\DEBUG\TRACKER10.EXE.EMBED.MANIFEST.RES
C:\VISUALSTUDIO2010PROGS_VCPP\TRACKER10\TRACKER10\DEBUG\TRACKER10.EXE.INTERMEDIATE.MANIFEST
C:\VISUALSTUDIO2010PROGS_VCPP\TRACKER10\TRACKER10\DEBUG\TRACKER10.OBJ
C:\VisualStudio2010Progs_VCPP\Tracker10\Tracker10\Debug\Tracker10_manifest.rc
C:\VisualStudio2010Progs_VCPP\Tracker10\Tracker10\Debug\vc100.idb
C:\VISUALSTUDIO2010PROGS_VCPP\TRACKER10\TRACKER10\DEBUG\VC100.PDB
